0 info it worked if it ends with ok
1 verbose cli [ '/usr/local/bin/node',
1 verbose cli   '/usr/local/bin/npm',
1 verbose cli   'run-script',
1 verbose cli   'start-dev-single-page' ]
2 info using npm@3.10.9
3 info using node@v7.1.0
4 verbose run-script [ 'prestart-dev-single-page',
4 verbose run-script   'start-dev-single-page',
4 verbose run-script   'poststart-dev-single-page' ]
5 info lifecycle share-goods@0.1.1~prestart-dev-single-page: share-goods@0.1.1
6 silly lifecycle share-goods@0.1.1~prestart-dev-single-page: no script for prestart-dev-single-page, continuing
7 info lifecycle share-goods@0.1.1~start-dev-single-page: share-goods@0.1.1
8 verbose lifecycle share-goods@0.1.1~start-dev-single-page: unsafe-perm in lifecycle true
9 verbose lifecycle share-goods@0.1.1~start-dev-single-page: PATH: /usr/local/lib/node_modules/npm/bin/node-gyp-bin:/Users/sebastianalvarado/Desktop/University_of_Toronto/Third_Year/CSC309_WebProgramming/team-project/group4/node_modules/.bin:/Users/sebastianalvarado/anaconda2/bin://anaconda/bin:/Users/sebastianalvarado/.sdkman/candidates/grails/current/bin:/Library/Frameworks/Python.framework/Versions/2.7/bin:/Library/Frameworks/Python.framework/Versions/3.5/bin:/Library/Frameworks/Python.framework/Versions/3.4/bin:/usr/local/bin:/usr/bin:/bin:/usr/sbin:/sbin:/opt/X11/bin:/usr/local/git/bin:/Library/TeX/texbin
10 verbose lifecycle share-goods@0.1.1~start-dev-single-page: CWD: /Users/sebastianalvarado/Desktop/University_of_Toronto/Third_Year/CSC309_WebProgramming/team-project/group4
11 silly lifecycle share-goods@0.1.1~start-dev-single-page: Args: [ '-c', 'http-server src/static' ]
12 silly lifecycle share-goods@0.1.1~start-dev-single-page: Returned: code: 1  signal: null
13 info lifecycle share-goods@0.1.1~start-dev-single-page: Failed to exec start-dev-single-page script
14 verbose stack Error: share-goods@0.1.1 start-dev-single-page: `http-server src/static`
14 verbose stack Exit status 1
14 verbose stack     at EventEmitter.<anonymous> (/usr/local/lib/node_modules/npm/lib/utils/lifecycle.js:255:16)
14 verbose stack     at emitTwo (events.js:106:13)
14 verbose stack     at EventEmitter.emit (events.js:191:7)
14 verbose stack     at ChildProcess.<anonymous> (/usr/local/lib/node_modules/npm/lib/utils/spawn.js:40:14)
14 verbose stack     at emitTwo (events.js:106:13)
14 verbose stack     at ChildProcess.emit (events.js:191:7)
14 verbose stack     at maybeClose (internal/child_process.js:885:16)
14 verbose stack     at Process.ChildProcess._handle.onexit (internal/child_process.js:226:5)
15 verbose pkgid share-goods@0.1.1
16 verbose cwd /Users/sebastianalvarado/Desktop/University_of_Toronto/Third_Year/CSC309_WebProgramming/team-project/group4
17 error Darwin 15.4.0
18 error argv "/usr/local/bin/node" "/usr/local/bin/npm" "run-script" "start-dev-single-page"
19 error node v7.1.0
20 error npm  v3.10.9
21 error code ELIFECYCLE
22 error share-goods@0.1.1 start-dev-single-page: `http-server src/static`
22 error Exit status 1
23 error Failed at the share-goods@0.1.1 start-dev-single-page script 'http-server src/static'.
23 error Make sure you have the latest version of node.js and npm installed.
23 error If you do, this is most likely a problem with the share-goods package,
23 error not with npm itself.
23 error Tell the author that this fails on your system:
23 error     http-server src/static
23 error You can get information on how to open an issue for this project with:
23 error     npm bugs share-goods
23 error Or if that isn't available, you can get their info via:
23 error     npm owner ls share-goods
23 error There is likely additional logging output above.
24 verbose exit [ 1, true ]
